<?xml version="1.0" encoding="UTF-8"?>
<testng-results ignored="0" total="1" passed="1" failed="0" skipped="0">
  <reporter-output>
  </reporter-output>
  <suite started-at="2024-03-28T10:00:52 IST" name="Default suite" finished-at="2024-03-28T10:00:58 IST" duration-ms="6371">
    <groups>
    </groups>
    <test started-at="2024-03-28T10:00:52 IST" name="Default test" finished-at="2024-03-28T10:00:58 IST" duration-ms="6371">
      <class name="StepDefinitions.login">
        <test-method signature="i_want_to_login_the_website()[pri:0, instance:StepDefinitions.login@1caa0244]" started-at="2024-03-28T10:00:52 IST" name="i_want_to_login_the_website" finished-at="2024-03-28T10:00:58 IST" duration-ms="6332" status="PASS">
          <reporter-output>
          </reporter-output>
        </test-method> <!-- i_want_to_login_the_website -->
      </class> <!-- StepDefinitions.login -->
    </test> <!-- Default test -->
  </suite> <!-- Default suite -->
</testng-results>
